{"/Users/kevinnathaniel/playground/contact_jenius_apptest/src/App.tsx": {"path":"/Users/kevinnathaniel/playground/contact_jenius_apptest/src/App.tsx","statementMap":{"0":{"start":{"line":11,"column":0},"end":{"line":11,"column":26}},"1":{"start":{"line":12,"column":0},"end":{"line":12,"column":40}},"2":{"start":{"line":13,"column":0},"end":{"line":13,"column":37}},"3":{"start":{"line":14,"column":0},"end":{"line":14,"column":61}},"4":{"start":{"line":15,"column":0},"end":{"line":15,"column":50}},"5":{"start":{"line":16,"column":0},"end":{"line":16,"column":33}},"6":{"start":{"line":18,"column":12},"end":{"line":26,"column":1}},"7":{"start":{"line":19,"column":2},"end":{"line":25,"column":4}},"8":{"start":{"line":28,"column":15},"end":{"line":45,"column":2}},"9":{"start":{"line":47,"column":0},"end":{"line":47,"column":19}}},"fnMap":{"0":{"name":"(anonymous_1)","decl":{"start":{"line":18,"column":12},"end":{"line":18,"column":15}},"loc":{"start":{"line":18,"column":17},"end":{"line":26,"column":1}}}},"branchMap":{},"s":{"0":0,"1":0,"2":0,"3":0,"4":0,"5":0,"6":0,"7":0,"8":0,"9":0},"f":{"0":0},"b":{}}
,"/Users/kevinnathaniel/playground/contact_jenius_apptest/src/common/index.ts": {"path":"/Users/kevinnathaniel/playground/contact_jenius_apptest/src/common/index.ts","statementMap":{"0":{"start":{"line":1,"column":13},"end":{"line":4,"column":2}}},"fnMap":{},"branchMap":{},"s":{"0":0},"f":{},"b":{}}
,"/Users/kevinnathaniel/playground/contact_jenius_apptest/src/hooks/useAppDispatch/index.ts": {"path":"/Users/kevinnathaniel/playground/contact_jenius_apptest/src/hooks/useAppDispatch/index.ts","statementMap":{"0":{"start":{"line":1,"column":0},"end":{"line":1,"column":40}},"1":{"start":{"line":4,"column":42},"end":{"line":4,"column":53}},"2":{"start":{"line":6,"column":0},"end":{"line":6,"column":30}}},"fnMap":{},"branchMap":{},"s":{"0":0,"1":0,"2":0},"f":{},"b":{}}
,"/Users/kevinnathaniel/playground/contact_jenius_apptest/src/libraries/network/httpClient.ts": {"path":"/Users/kevinnathaniel/playground/contact_jenius_apptest/src/libraries/network/httpClient.ts","statementMap":{"0":{"start":{"line":1,"column":0},"end":{"line":1,"column":null}},"1":{"start":{"line":19,"column":0},"end":{"line":19,"column":21}}},"fnMap":{},"branchMap":{},"s":{"0":0,"1":0},"f":{},"b":{}}
,"/Users/kevinnathaniel/playground/contact_jenius_apptest/src/libraries/network/index.ts": {"path":"/Users/kevinnathaniel/playground/contact_jenius_apptest/src/libraries/network/index.ts","statementMap":{"0":{"start":{"line":1,"column":0},"end":{"line":1,"column":55}},"1":{"start":{"line":2,"column":0},"end":{"line":2,"column":47}},"2":{"start":{"line":4,"column":13},"end":{"line":35,"column":3}},"3":{"start":{"line":8,"column":4},"end":{"line":33,"column":6}},"4":{"start":{"line":10,"column":22},"end":{"line":10,"column":54}},"5":{"start":{"line":13,"column":22},"end":{"line":13,"column":60}},"6":{"start":{"line":16,"column":24},"end":{"line":16,"column":63}},"7":{"start":{"line":19,"column":24},"end":{"line":28,"column":10}},"8":{"start":{"line":31,"column":22},"end":{"line":31,"column":63}}},"fnMap":{"0":{"name":"(anonymous_0)","decl":{"start":{"line":7,"column":2},"end":{"line":7,"column":11}},"loc":{"start":{"line":7,"column":17},"end":{"line":34,"column":3}}},"1":{"name":"(anonymous_1)","decl":{"start":{"line":10,"column":15},"end":{"line":10,"column":18}},"loc":{"start":{"line":10,"column":22},"end":{"line":10,"column":54}}},"2":{"name":"(anonymous_2)","decl":{"start":{"line":13,"column":15},"end":{"line":13,"column":17}},"loc":{"start":{"line":13,"column":22},"end":{"line":13,"column":60}}},"3":{"name":"(anonymous_3)","decl":{"start":{"line":16,"column":15},"end":{"line":16,"column":19}},"loc":{"start":{"line":16,"column":24},"end":{"line":16,"column":63}}},"4":{"name":"(anonymous_4)","decl":{"start":{"line":19,"column":15},"end":{"line":19,"column":19}},"loc":{"start":{"line":19,"column":24},"end":{"line":28,"column":10}}},"5":{"name":"(anonymous_5)","decl":{"start":{"line":31,"column":15},"end":{"line":31,"column":17}},"loc":{"start":{"line":31,"column":22},"end":{"line":31,"column":63}}}},"branchMap":{},"s":{"0":1,"1":1,"2":1,"3":1,"4":0,"5":0,"6":0,"7":0,"8":0},"f":{"0":1,"1":0,"2":0,"3":0,"4":0,"5":0},"b":{}}
,"/Users/kevinnathaniel/playground/contact_jenius_apptest/src/libraries/network/instance/core/index.ts": {"path":"/Users/kevinnathaniel/playground/contact_jenius_apptest/src/libraries/network/instance/core/index.ts","statementMap":{"0":{"start":{"line":1,"column":0},"end":{"line":1,"column":26}},"1":{"start":{"line":4,"column":0},"end":{"line":4,"column":56}},"2":{"start":{"line":7,"column":23},"end":{"line":11,"column":2}},"3":{"start":{"line":13,"column":16},"end":{"line":17,"column":2}},"4":{"start":{"line":18,"column":13},"end":{"line":18,"column":34}},"5":{"start":{"line":20,"column":0},"end":{"line":20,"column":46}},"6":{"start":{"line":22,"column":0},"end":{"line":24,"column":2}},"7":{"start":{"line":23,"column":2},"end":{"line":23,"column":31}},"8":{"start":{"line":27,"column":2},"end":{"line":62,"column":3}},"9":{"start":{"line":37,"column":2},"end":{"line":62,"column":3}},"10":{"start":{"line":38,"column":4},"end":{"line":61,"column":null}},"11":{"start":{"line":39,"column":21},"end":{"line":39,"column":60}},"12":{"start":{"line":42,"column":6},"end":{"line":52,"column":null}},"13":{"start":{"line":43,"column":8},"end":{"line":43,"column":35}},"14":{"start":{"line":45,"column":8},"end":{"line":51,"column":10}},"15":{"start":{"line":54,"column":16},"end":{"line":54,"column":40}},"16":{"start":{"line":55,"column":6},"end":{"line":60,"column":8}},"17":{"start":{"line":26,"column":13},"end":{"line":26,"column":null}},"18":{"start":{"line":64,"column":0},"end":{"line":64,"column":20}}},"fnMap":{"0":{"name":"(anonymous_1)","decl":{"start":{"line":22,"column":31},"end":{"line":22,"column":32}},"loc":{"start":{"line":23,"column":2},"end":{"line":23,"column":31}}},"1":{"name":"(anonymous_2)","decl":{"start":{"line":27,"column":2},"end":{"line":27,"column":null}},"loc":{"start":{"line":37,"column":2},"end":{"line":62,"column":3}}},"2":{"name":"(anonymous_3)","decl":{"start":{"line":37,"column":2},"end":{"line":37,"column":7}},"loc":{"start":{"line":37,"column":40},"end":{"line":62,"column":3}}}},"branchMap":{"0":{"loc":{"start":{"line":42,"column":6},"end":{"line":52,"column":null}},"type":"if","locations":[{"start":{"line":42,"column":6},"end":{"line":52,"column":null}},{"start":{"line":44,"column":13},"end":{"line":52,"column":null}}]},"1":{"loc":{"start":{"line":58,"column":16},"end":{"line":58,"column":49}},"type":"binary-expr","locations":[{"start":{"line":58,"column":16},"end":{"line":58,"column":34}},{"start":{"line":58,"column":38},"end":{"line":58,"column":49}}]}},"s":{"0":1,"1":1,"2":1,"3":1,"4":1,"5":1,"6":1,"7":0,"8":1,"9":1,"10":0,"11":0,"12":0,"13":0,"14":0,"15":0,"16":0,"17":1,"18":1},"f":{"0":0,"1":1,"2":0},"b":{"0":[0,0],"1":[0,0]}}
,"/Users/kevinnathaniel/playground/contact_jenius_apptest/src/libraries/network/instance/core/responseInterceptor.ts": {"path":"/Users/kevinnathaniel/playground/contact_jenius_apptest/src/libraries/network/instance/core/responseInterceptor.ts","statementMap":{"0":{"start":{"line":26,"column":2},"end":{"line":26,"column":43}},"1":{"start":{"line":33,"column":2},"end":{"line":33,"column":76}},"2":{"start":{"line":39,"column":2},"end":{"line":39,"column":48}},"3":{"start":{"line":45,"column":49},"end":{"line":45,"column":57}},"4":{"start":{"line":46,"column":26},"end":{"line":46,"column":38}},"5":{"start":{"line":48,"column":2},"end":{"line":54,"column":4}},"6":{"start":{"line":42,"column":0},"end":{"line":42,"column":24}}},"fnMap":{"0":{"name":"getCoreApiResponseOk","decl":{"start":{"line":23,"column":9},"end":{"line":23,"column":29}},"loc":{"start":{"line":24,"column":41},"end":{"line":27,"column":1}}},"1":{"name":"getCoreApiResponseData","decl":{"start":{"line":29,"column":9},"end":{"line":29,"column":31}},"loc":{"start":{"line":31,"column":30},"end":{"line":34,"column":1}}},"2":{"name":"getCoreApiMessage","decl":{"start":{"line":36,"column":9},"end":{"line":36,"column":26}},"loc":{"start":{"line":37,"column":33},"end":{"line":40,"column":1}}},"3":{"name":"responseInterceptor","decl":{"start":{"line":42,"column":24},"end":{"line":42,"column":43}},"loc":{"start":{"line":43,"column":49},"end":{"line":55,"column":1}}}},"branchMap":{"0":{"loc":{"start":{"line":26,"column":9},"end":{"line":26,"column":42}},"type":"binary-expr","locations":[{"start":{"line":26,"column":9},"end":{"line":26,"column":24}},{"start":{"line":26,"column":28},"end":{"line":26,"column":42}}]},"1":{"loc":{"start":{"line":33,"column":9},"end":{"line":33,"column":75}},"type":"cond-expr","locations":[{"start":{"line":33,"column":64},"end":{"line":33,"column":68}},{"start":{"line":33,"column":71},"end":{"line":33,"column":75}}]},"2":{"loc":{"start":{"line":33,"column":9},"end":{"line":33,"column":61}},"type":"binary-expr","locations":[{"start":{"line":33,"column":9},"end":{"line":33,"column":39}},{"start":{"line":33,"column":43},"end":{"line":33,"column":61}}]},"3":{"loc":{"start":{"line":39,"column":9},"end":{"line":39,"column":47}},"type":"cond-expr","locations":[{"start":{"line":39,"column":33},"end":{"line":39,"column":40}},{"start":{"line":39,"column":43},"end":{"line":39,"column":47}}]}},"s":{"0":0,"1":0,"2":0,"3":0,"4":0,"5":0,"6":1},"f":{"0":0,"1":0,"2":0,"3":0},"b":{"0":[0,0],"1":[0,0],"2":[0,0],"3":[0,0]}}
,"/Users/kevinnathaniel/playground/contact_jenius_apptest/src/modules/contacts/ContactAdd/ContactAdd.tsx": {"path":"/Users/kevinnathaniel/playground/contact_jenius_apptest/src/modules/contacts/ContactAdd/ContactAdd.tsx","statementMap":{"0":{"start":{"line":2,"column":0},"end":{"line":2,"column":26}},"1":{"start":{"line":3,"column":0},"end":{"line":3,"column":null}},"2":{"start":{"line":12,"column":0},"end":{"line":12,"column":44}},"3":{"start":{"line":13,"column":0},"end":{"line":13,"column":45}},"4":{"start":{"line":14,"column":0},"end":{"line":14,"column":56}},"5":{"start":{"line":23,"column":59},"end":{"line":107,"column":1}},"6":{"start":{"line":24,"column":36},"end":{"line":24,"column":54}},"7":{"start":{"line":25,"column":34},"end":{"line":25,"column":52}},"8":{"start":{"line":26,"column":24},"end":{"line":26,"column":41}},"9":{"start":{"line":27,"column":34},"end":{"line":27,"column":52}},"10":{"start":{"line":29,"column":32},"end":{"line":29,"column":56}},"11":{"start":{"line":31,"column":2},"end":{"line":45,"column":15}},"12":{"start":{"line":32,"column":4},"end":{"line":44,"column":null}},"13":{"start":{"line":33,"column":6},"end":{"line":36,"column":9}},"14":{"start":{"line":38,"column":6},"end":{"line":38,"column":26}},"15":{"start":{"line":39,"column":11},"end":{"line":44,"column":null}},"16":{"start":{"line":40,"column":6},"end":{"line":43,"column":9}},"17":{"start":{"line":47,"column":24},"end":{"line":55,"column":3}},"18":{"start":{"line":48,"column":4},"end":{"line":54,"column":7}},"19":{"start":{"line":57,"column":2},"end":{"line":106,"column":4}},"20":{"start":{"line":69,"column":37},"end":{"line":69,"column":56}},"21":{"start":{"line":76,"column":37},"end":{"line":76,"column":55}},"22":{"start":{"line":84,"column":31},"end":{"line":84,"column":65}},"23":{"start":{"line":85,"column":16},"end":{"line":90,"column":null}},"24":{"start":{"line":86,"column":18},"end":{"line":86,"column":33}},"25":{"start":{"line":87,"column":18},"end":{"line":87,"column":34}},"26":{"start":{"line":89,"column":18},"end":{"line":89,"column":64}},"27":{"start":{"line":109,"column":15},"end":{"line":184,"column":2}},"28":{"start":{"line":186,"column":0},"end":{"line":186,"column":26}}},"fnMap":{"0":{"name":"(anonymous_1)","decl":{"start":{"line":23,"column":59},"end":{"line":23,"column":60}},"loc":{"start":{"line":23,"column":76},"end":{"line":107,"column":1}}},"1":{"name":"(anonymous_2)","decl":{"start":{"line":31,"column":18},"end":{"line":31,"column":21}},"loc":{"start":{"line":31,"column":23},"end":{"line":45,"column":3}}},"2":{"name":"(anonymous_3)","decl":{"start":{"line":47,"column":24},"end":{"line":47,"column":27}},"loc":{"start":{"line":47,"column":29},"end":{"line":55,"column":3}}},"3":{"name":"(anonymous_4)","decl":{"start":{"line":69,"column":28},"end":{"line":69,"column":33}},"loc":{"start":{"line":69,"column":37},"end":{"line":69,"column":56}}},"4":{"name":"(anonymous_5)","decl":{"start":{"line":76,"column":28},"end":{"line":76,"column":33}},"loc":{"start":{"line":76,"column":37},"end":{"line":76,"column":55}}},"5":{"name":"(anonymous_6)","decl":{"start":{"line":83,"column":28},"end":{"line":83,"column":33}},"loc":{"start":{"line":83,"column":36},"end":{"line":91,"column":15}}}},"branchMap":{"0":{"loc":{"start":{"line":32,"column":4},"end":{"line":44,"column":null}},"type":"if","locations":[{"start":{"line":32,"column":4},"end":{"line":44,"column":null}},{"start":{"line":39,"column":11},"end":{"line":44,"column":null}}]},"1":{"loc":{"start":{"line":39,"column":11},"end":{"line":44,"column":null}},"type":"if","locations":[{"start":{"line":39,"column":11},"end":{"line":44,"column":null}}]},"2":{"loc":{"start":{"line":84,"column":31},"end":{"line":84,"column":65}},"type":"cond-expr","locations":[{"start":{"line":84,"column":46},"end":{"line":84,"column":47}},{"start":{"line":84,"column":50},"end":{"line":84,"column":65}}]},"3":{"loc":{"start":{"line":85,"column":16},"end":{"line":90,"column":null}},"type":"if","locations":[{"start":{"line":85,"column":16},"end":{"line":90,"column":null}},{"start":{"line":88,"column":23},"end":{"line":90,"column":null}}]},"4":{"loc":{"start":{"line":95,"column":11},"end":{"line":97,"column":18}},"type":"cond-expr","locations":[{"start":{"line":96,"column":12},"end":{"line":96,"column":63}},{"start":{"line":97,"column":14},"end":{"line":97,"column":18}}]}},"s":{"0":0,"1":0,"2":0,"3":0,"4":0,"5":0,"6":0,"7":0,"8":0,"9":0,"10":0,"11":0,"12":0,"13":0,"14":0,"15":0,"16":0,"17":0,"18":0,"19":0,"20":0,"21":0,"22":0,"23":0,"24":0,"25":0,"26":0,"27":0,"28":0},"f":{"0":0,"1":0,"2":0,"3":0,"4":0,"5":0},"b":{"0":[0,0],"1":[0],"2":[0,0],"3":[0,0],"4":[0,0]}}
,"/Users/kevinnathaniel/playground/contact_jenius_apptest/src/modules/contacts/ContactAdd/contactAdd.api.ts": {"path":"/Users/kevinnathaniel/playground/contact_jenius_apptest/src/modules/contacts/ContactAdd/contactAdd.api.ts","statementMap":{"0":{"start":{"line":1,"column":0},"end":{"line":1,"column":47}},"1":{"start":{"line":11,"column":14},"end":{"line":11,"column":44}}},"fnMap":{},"branchMap":{},"s":{"0":0,"1":0},"f":{},"b":{}}
,"/Users/kevinnathaniel/playground/contact_jenius_apptest/src/modules/contacts/ContactDetail/ContactDetail.tsx": {"path":"/Users/kevinnathaniel/playground/contact_jenius_apptest/src/modules/contacts/ContactDetail/ContactDetail.tsx","statementMap":{"0":{"start":{"line":2,"column":0},"end":{"line":2,"column":26}},"1":{"start":{"line":3,"column":0},"end":{"line":3,"column":null}},"2":{"start":{"line":13,"column":0},"end":{"line":13,"column":44}},"3":{"start":{"line":14,"column":0},"end":{"line":14,"column":45}},"4":{"start":{"line":15,"column":0},"end":{"line":15,"column":null}},"5":{"start":{"line":28,"column":62},"end":{"line":182,"column":1}},"6":{"start":{"line":32,"column":34},"end":{"line":32,"column":55}},"7":{"start":{"line":33,"column":36},"end":{"line":33,"column":54}},"8":{"start":{"line":34,"column":34},"end":{"line":34,"column":52}},"9":{"start":{"line":35,"column":24},"end":{"line":35,"column":41}},"10":{"start":{"line":36,"column":34},"end":{"line":36,"column":52}},"11":{"start":{"line":38,"column":19},"end":{"line":38,"column":24}},"12":{"start":{"line":39,"column":43},"end":{"line":39,"column":76}},"13":{"start":{"line":40,"column":34},"end":{"line":40,"column":60}},"14":{"start":{"line":41,"column":40},"end":{"line":41,"column":66}},"15":{"start":{"line":43,"column":2},"end":{"line":49,"column":22}},"16":{"start":{"line":44,"column":4},"end":{"line":48,"column":null}},"17":{"start":{"line":45,"column":6},"end":{"line":45,"column":44}},"18":{"start":{"line":46,"column":6},"end":{"line":46,"column":42}},"19":{"start":{"line":47,"column":6},"end":{"line":47,"column":32}},"20":{"start":{"line":51,"column":2},"end":{"line":68,"column":21}},"21":{"start":{"line":52,"column":4},"end":{"line":58,"column":null}},"22":{"start":{"line":53,"column":6},"end":{"line":56,"column":9}},"23":{"start":{"line":57,"column":6},"end":{"line":57,"column":26}},"24":{"start":{"line":60,"column":4},"end":{"line":67,"column":null}},"25":{"start":{"line":61,"column":22},"end":{"line":61,"column":34}},"26":{"start":{"line":62,"column":6},"end":{"line":66,"column":9}},"27":{"start":{"line":70,"column":2},"end":{"line":78,"column":19}},"28":{"start":{"line":71,"column":4},"end":{"line":77,"column":7}},"29":{"start":{"line":73,"column":8},"end":{"line":73,"column":null}},"30":{"start":{"line":73,"column":53},"end":{"line":73,"column":70}},"31":{"start":{"line":80,"column":2},"end":{"line":92,"column":15}},"32":{"start":{"line":81,"column":4},"end":{"line":91,"column":null}},"33":{"start":{"line":82,"column":6},"end":{"line":85,"column":9}},"34":{"start":{"line":86,"column":11},"end":{"line":91,"column":null}},"35":{"start":{"line":87,"column":6},"end":{"line":90,"column":9}},"36":{"start":{"line":94,"column":27},"end":{"line":103,"column":47}},"37":{"start":{"line":95,"column":4},"end":{"line":95,"column":23}},"38":{"start":{"line":96,"column":4},"end":{"line":102,"column":7}},"39":{"start":{"line":105,"column":30},"end":{"line":107,"column":3}},"40":{"start":{"line":106,"column":4},"end":{"line":106,"column":29}},"41":{"start":{"line":109,"column":2},"end":{"line":115,"column":null}},"42":{"start":{"line":110,"column":4},"end":{"line":114,"column":6}},"43":{"start":{"line":117,"column":2},"end":{"line":181,"column":4}},"44":{"start":{"line":133,"column":37},"end":{"line":133,"column":56}},"45":{"start":{"line":141,"column":37},"end":{"line":141,"column":55}},"46":{"start":{"line":150,"column":31},"end":{"line":150,"column":65}},"47":{"start":{"line":151,"column":16},"end":{"line":156,"column":null}},"48":{"start":{"line":152,"column":18},"end":{"line":152,"column":33}},"49":{"start":{"line":153,"column":18},"end":{"line":153,"column":34}},"50":{"start":{"line":155,"column":18},"end":{"line":155,"column":64}},"51":{"start":{"line":184,"column":15},"end":{"line":259,"column":2}},"52":{"start":{"line":261,"column":0},"end":{"line":261,"column":29}}},"fnMap":{"0":{"name":"(anonymous_1)","decl":{"start":{"line":28,"column":62},"end":{"line":28,"column":63}},"loc":{"start":{"line":31,"column":5},"end":{"line":182,"column":1}}},"1":{"name":"(anonymous_2)","decl":{"start":{"line":43,"column":18},"end":{"line":43,"column":21}},"loc":{"start":{"line":43,"column":23},"end":{"line":49,"column":3}}},"2":{"name":"(anonymous_3)","decl":{"start":{"line":51,"column":18},"end":{"line":51,"column":21}},"loc":{"start":{"line":51,"column":23},"end":{"line":68,"column":3}}},"3":{"name":"(anonymous_4)","decl":{"start":{"line":70,"column":24},"end":{"line":70,"column":27}},"loc":{"start":{"line":70,"column":29},"end":{"line":78,"column":3}}},"4":{"name":"(anonymous_5)","decl":{"start":{"line":72,"column":19},"end":{"line":72,"column":22}},"loc":{"start":{"line":73,"column":8},"end":{"line":73,"column":null}}},"5":{"name":"(anonymous_6)","decl":{"start":{"line":73,"column":47},"end":{"line":73,"column":50}},"loc":{"start":{"line":73,"column":53},"end":{"line":73,"column":70}}},"6":{"name":"(anonymous_7)","decl":{"start":{"line":80,"column":18},"end":{"line":80,"column":21}},"loc":{"start":{"line":80,"column":23},"end":{"line":92,"column":3}}},"7":{"name":"(anonymous_8)","decl":{"start":{"line":94,"column":45},"end":{"line":94,"column":48}},"loc":{"start":{"line":94,"column":50},"end":{"line":103,"column":3}}},"8":{"name":"(anonymous_9)","decl":{"start":{"line":105,"column":30},"end":{"line":105,"column":33}},"loc":{"start":{"line":105,"column":35},"end":{"line":107,"column":3}}},"9":{"name":"(anonymous_10)","decl":{"start":{"line":133,"column":28},"end":{"line":133,"column":33}},"loc":{"start":{"line":133,"column":37},"end":{"line":133,"column":56}}},"10":{"name":"(anonymous_11)","decl":{"start":{"line":141,"column":28},"end":{"line":141,"column":33}},"loc":{"start":{"line":141,"column":37},"end":{"line":141,"column":55}}},"11":{"name":"(anonymous_12)","decl":{"start":{"line":149,"column":28},"end":{"line":149,"column":33}},"loc":{"start":{"line":149,"column":36},"end":{"line":157,"column":15}}}},"branchMap":{"0":{"loc":{"start":{"line":44,"column":4},"end":{"line":48,"column":null}},"type":"if","locations":[{"start":{"line":44,"column":4},"end":{"line":48,"column":null}}]},"1":{"loc":{"start":{"line":52,"column":4},"end":{"line":58,"column":null}},"type":"if","locations":[{"start":{"line":52,"column":4},"end":{"line":58,"column":null}}]},"2":{"loc":{"start":{"line":60,"column":4},"end":{"line":67,"column":null}},"type":"if","locations":[{"start":{"line":60,"column":4},"end":{"line":67,"column":null}}]},"3":{"loc":{"start":{"line":81,"column":4},"end":{"line":91,"column":null}},"type":"if","locations":[{"start":{"line":81,"column":4},"end":{"line":91,"column":null}},{"start":{"line":86,"column":11},"end":{"line":91,"column":null}}]},"4":{"loc":{"start":{"line":86,"column":11},"end":{"line":91,"column":null}},"type":"if","locations":[{"start":{"line":86,"column":11},"end":{"line":91,"column":null}}]},"5":{"loc":{"start":{"line":109,"column":2},"end":{"line":115,"column":null}},"type":"if","locations":[{"start":{"line":109,"column":2},"end":{"line":115,"column":null}}]},"6":{"loc":{"start":{"line":123,"column":14},"end":{"line":125,"column":68}},"type":"cond-expr","locations":[{"start":{"line":124,"column":18},"end":{"line":124,"column":44}},{"start":{"line":125,"column":18},"end":{"line":125,"column":68}}]},"7":{"loc":{"start":{"line":150,"column":31},"end":{"line":150,"column":65}},"type":"cond-expr","locations":[{"start":{"line":150,"column":46},"end":{"line":150,"column":47}},{"start":{"line":150,"column":50},"end":{"line":150,"column":65}}]},"8":{"loc":{"start":{"line":151,"column":16},"end":{"line":156,"column":null}},"type":"if","locations":[{"start":{"line":151,"column":16},"end":{"line":156,"column":null}},{"start":{"line":154,"column":23},"end":{"line":156,"column":null}}]},"9":{"loc":{"start":{"line":162,"column":11},"end":{"line":164,"column":18}},"type":"cond-expr","locations":[{"start":{"line":163,"column":12},"end":{"line":163,"column":63}},{"start":{"line":164,"column":14},"end":{"line":164,"column":18}}]},"10":{"loc":{"start":{"line":168,"column":9},"end":{"line":177,"column":null}},"type":"cond-expr","locations":[{"start":{"line":169,"column":10},"end":{"line":172,"column":null}},{"start":{"line":175,"column":10},"end":{"line":175,"column":null}}]}},"s":{"0":0,"1":0,"2":0,"3":0,"4":0,"5":0,"6":0,"7":0,"8":0,"9":0,"10":0,"11":0,"12":0,"13":0,"14":0,"15":0,"16":0,"17":0,"18":0,"19":0,"20":0,"21":0,"22":0,"23":0,"24":0,"25":0,"26":0,"27":0,"28":0,"29":0,"30":0,"31":0,"32":0,"33":0,"34":0,"35":0,"36":0,"37":0,"38":0,"39":0,"40":0,"41":0,"42":0,"43":0,"44":0,"45":0,"46":0,"47":0,"48":0,"49":0,"50":0,"51":0,"52":0},"f":{"0":0,"1":0,"2":0,"3":0,"4":0,"5":0,"6":0,"7":0,"8":0,"9":0,"10":0,"11":0},"b":{"0":[0],"1":[0],"2":[0],"3":[0,0],"4":[0],"5":[0],"6":[0,0],"7":[0,0],"8":[0,0],"9":[0,0],"10":[0,0]}}
,"/Users/kevinnathaniel/playground/contact_jenius_apptest/src/modules/contacts/ContactDetail/contactDetail.api.ts": {"path":"/Users/kevinnathaniel/playground/contact_jenius_apptest/src/modules/contacts/ContactDetail/contactDetail.api.ts","statementMap":{"0":{"start":{"line":1,"column":0},"end":{"line":1,"column":47}},"1":{"start":{"line":12,"column":2},"end":{"line":15,"column":8}}},"fnMap":{},"branchMap":{},"s":{"0":0,"1":0},"f":{},"b":{}}
,"/Users/kevinnathaniel/playground/contact_jenius_apptest/src/modules/contacts/ContactList/ContactList.tsx": {"path":"/Users/kevinnathaniel/playground/contact_jenius_apptest/src/modules/contacts/ContactList/ContactList.tsx","statementMap":{"0":{"start":{"line":1,"column":0},"end":{"line":1,"column":26}},"1":{"start":{"line":2,"column":0},"end":{"line":2,"column":70}},"2":{"start":{"line":4,"column":0},"end":{"line":4,"column":58}},"3":{"start":{"line":5,"column":0},"end":{"line":5,"column":74}},"4":{"start":{"line":14,"column":58},"end":{"line":62,"column":1}},"5":{"start":{"line":15,"column":38},"end":{"line":15,"column":64}},"6":{"start":{"line":17,"column":28},"end":{"line":19,"column":18}},"7":{"start":{"line":18,"column":4},"end":{"line":18,"column":38}},"8":{"start":{"line":21,"column":2},"end":{"line":29,"column":19}},"9":{"start":{"line":22,"column":4},"end":{"line":28,"column":7}},"10":{"start":{"line":24,"column":8},"end":{"line":24,"column":null}},"11":{"start":{"line":31,"column":21},"end":{"line":41,"column":3}},"12":{"start":{"line":32,"column":4},"end":{"line":40,"column":6}},"13":{"start":{"line":43,"column":23},"end":{"line":45,"column":3}},"14":{"start":{"line":47,"column":23},"end":{"line":47,"column":57}},"15":{"start":{"line":47,"column":50},"end":{"line":47,"column":57}},"16":{"start":{"line":49,"column":2},"end":{"line":61,"column":4}},"17":{"start":{"line":64,"column":15},"end":{"line":74,"column":2}},"18":{"start":{"line":76,"column":0},"end":{"line":76,"column":27}}},"fnMap":{"0":{"name":"(anonymous_1)","decl":{"start":{"line":14,"column":58},"end":{"line":14,"column":59}},"loc":{"start":{"line":14,"column":75},"end":{"line":62,"column":1}}},"1":{"name":"(anonymous_2)","decl":{"start":{"line":17,"column":46},"end":{"line":17,"column":49}},"loc":{"start":{"line":17,"column":51},"end":{"line":19,"column":3}}},"2":{"name":"(anonymous_3)","decl":{"start":{"line":21,"column":24},"end":{"line":21,"column":27}},"loc":{"start":{"line":21,"column":29},"end":{"line":29,"column":3}}},"3":{"name":"(anonymous_4)","decl":{"start":{"line":23,"column":19},"end":{"line":23,"column":22}},"loc":{"start":{"line":24,"column":8},"end":{"line":24,"column":null}}},"4":{"name":"(anonymous_5)","decl":{"start":{"line":31,"column":21},"end":{"line":31,"column":22}},"loc":{"start":{"line":31,"column":57},"end":{"line":41,"column":3}}},"5":{"name":"(anonymous_6)","decl":{"start":{"line":43,"column":23},"end":{"line":43,"column":26}},"loc":{"start":{"line":43,"column":28},"end":{"line":45,"column":3}}},"6":{"name":"(anonymous_7)","decl":{"start":{"line":47,"column":23},"end":{"line":47,"column":24}},"loc":{"start":{"line":47,"column":50},"end":{"line":47,"column":57}}}},"branchMap":{},"s":{"0":1,"1":1,"2":1,"3":1,"4":1,"5":2,"6":2,"7":0,"8":2,"9":2,"10":0,"11":2,"12":0,"13":2,"14":2,"15":0,"16":2,"17":1,"18":1},"f":{"0":2,"1":0,"2":2,"3":0,"4":0,"5":0,"6":0},"b":{}}
,"/Users/kevinnathaniel/playground/contact_jenius_apptest/src/modules/contacts/ContactList/contactList.action.ts": {"path":"/Users/kevinnathaniel/playground/contact_jenius_apptest/src/modules/contacts/ContactList/contactList.action.ts","statementMap":{"0":{"start":{"line":1,"column":0},"end":{"line":1,"column":54}},"1":{"start":{"line":4,"column":36},"end":{"line":7,"column":2}},"2":{"start":{"line":4,"column":83},"end":{"line":7,"column":2}},"3":{"start":{"line":4,"column":13},"end":{"line":4,"column":36}}},"fnMap":{"0":{"name":"(anonymous_0)","decl":{"start":{"line":4,"column":36},"end":{"line":4,"column":37}},"loc":{"start":{"line":4,"column":83},"end":{"line":7,"column":2}}}},"branchMap":{},"s":{"0":0,"1":0,"2":0,"3":0},"f":{"0":0},"b":{}}
,"/Users/kevinnathaniel/playground/contact_jenius_apptest/src/modules/contacts/ContactList/contactList.api.ts": {"path":"/Users/kevinnathaniel/playground/contact_jenius_apptest/src/modules/contacts/ContactList/contactList.api.ts","statementMap":{"0":{"start":{"line":1,"column":0},"end":{"line":1,"column":47}},"1":{"start":{"line":11,"column":14},"end":{"line":11,"column":44}}},"fnMap":{},"branchMap":{},"s":{"0":1,"1":1},"f":{},"b":{}}
,"/Users/kevinnathaniel/playground/contact_jenius_apptest/src/modules/contacts/ContactList/fragments/ContactListItem.tsx": {"path":"/Users/kevinnathaniel/playground/contact_jenius_apptest/src/modules/contacts/ContactList/fragments/ContactListItem.tsx","statementMap":{"0":{"start":{"line":1,"column":0},"end":{"line":1,"column":26}},"1":{"start":{"line":2,"column":0},"end":{"line":2,"column":64}},"2":{"start":{"line":3,"column":0},"end":{"line":3,"column":44}},"3":{"start":{"line":5,"column":0},"end":{"line":5,"column":71}},"4":{"start":{"line":10,"column":24},"end":{"line":39,"column":1}},"5":{"start":{"line":16,"column":21},"end":{"line":16,"column":59}},"6":{"start":{"line":18,"column":18},"end":{"line":20,"column":3}},"7":{"start":{"line":19,"column":4},"end":{"line":19,"column":36}},"8":{"start":{"line":22,"column":2},"end":{"line":38,"column":4}},"9":{"start":{"line":41,"column":15},"end":{"line":58,"column":2}},"10":{"start":{"line":60,"column":0},"end":{"line":60,"column":43}}},"fnMap":{"0":{"name":"(anonymous_1)","decl":{"start":{"line":10,"column":24},"end":{"line":10,"column":25}},"loc":{"start":{"line":15,"column":35},"end":{"line":39,"column":1}}},"1":{"name":"(anonymous_2)","decl":{"start":{"line":18,"column":18},"end":{"line":18,"column":21}},"loc":{"start":{"line":18,"column":23},"end":{"line":20,"column":3}}}},"branchMap":{"0":{"loc":{"start":{"line":30,"column":10},"end":{"line":32,"column":67}},"type":"cond-expr","locations":[{"start":{"line":31,"column":14},"end":{"line":31,"column":26}},{"start":{"line":32,"column":14},"end":{"line":32,"column":67}}]}},"s":{"0":1,"1":1,"2":1,"3":1,"4":1,"5":0,"6":0,"7":0,"8":0,"9":1,"10":1},"f":{"0":0,"1":0},"b":{"0":[0,0]}}
,"/Users/kevinnathaniel/playground/contact_jenius_apptest/src/navigation/screen.tsx": {"path":"/Users/kevinnathaniel/playground/contact_jenius_apptest/src/navigation/screen.tsx","statementMap":{"0":{"start":{"line":1,"column":0},"end":{"line":1,"column":26}},"1":{"start":{"line":2,"column":0},"end":{"line":2,"column":74}},"2":{"start":{"line":3,"column":0},"end":{"line":3,"column":70}},"3":{"start":{"line":4,"column":0},"end":{"line":4,"column":76}},"4":{"start":{"line":5,"column":0},"end":{"line":5,"column":67}},"5":{"start":{"line":14,"column":18},"end":{"line":14,"column":63}},"6":{"start":{"line":16,"column":29},"end":{"line":42,"column":1}},"7":{"start":{"line":17,"column":2},"end":{"line":41,"column":4}},"8":{"start":{"line":16,"column":13},"end":{"line":16,"column":29}}},"fnMap":{"0":{"name":"(anonymous_1)","decl":{"start":{"line":16,"column":29},"end":{"line":16,"column":32}},"loc":{"start":{"line":16,"column":34},"end":{"line":42,"column":1}}}},"branchMap":{},"s":{"0":0,"1":0,"2":0,"3":0,"4":0,"5":0,"6":0,"7":0,"8":0},"f":{"0":0},"b":{}}
,"/Users/kevinnathaniel/playground/contact_jenius_apptest/src/reducers/contactList.reducer.ts": {"path":"/Users/kevinnathaniel/playground/contact_jenius_apptest/src/reducers/contactList.reducer.ts","statementMap":{"0":{"start":{"line":1,"column":0},"end":{"line":1,"column":48}},"1":{"start":{"line":5,"column":34},"end":{"line":14,"column":1}},"2":{"start":{"line":9,"column":2},"end":{"line":12,"column":null}},"3":{"start":{"line":11,"column":6},"end":{"line":11,"column":40}},"4":{"start":{"line":13,"column":2},"end":{"line":13,"column":15}},"5":{"start":{"line":5,"column":13},"end":{"line":5,"column":34}}},"fnMap":{"0":{"name":"(anonymous_0)","decl":{"start":{"line":5,"column":34},"end":{"line":5,"column":null}},"loc":{"start":{"line":8,"column":4},"end":{"line":14,"column":1}}}},"branchMap":{"0":{"loc":{"start":{"line":6,"column":2},"end":{"line":6,"column":31}},"type":"default-arg","locations":[{"start":{"line":6,"column":28},"end":{"line":6,"column":31}}]},"1":{"loc":{"start":{"line":9,"column":2},"end":{"line":12,"column":null}},"type":"switch","locations":[{"start":{"line":10,"column":4},"end":{"line":11,"column":40}}]}},"s":{"0":0,"1":0,"2":0,"3":0,"4":0,"5":0},"f":{"0":0},"b":{"0":[0],"1":[0]}}
,"/Users/kevinnathaniel/playground/contact_jenius_apptest/src/reducers/index.ts": {"path":"/Users/kevinnathaniel/playground/contact_jenius_apptest/src/reducers/index.ts","statementMap":{"0":{"start":{"line":1,"column":0},"end":{"line":1,"column":null}},"1":{"start":{"line":7,"column":0},"end":{"line":7,"column":75}},"2":{"start":{"line":8,"column":0},"end":{"line":8,"column":41}},"3":{"start":{"line":14,"column":13},"end":{"line":20,"column":3}},"4":{"start":{"line":19,"column":21},"end":{"line":19,"column":49}}},"fnMap":{"0":{"name":"(anonymous_0)","decl":{"start":{"line":19,"column":14},"end":{"line":19,"column":17}},"loc":{"start":{"line":19,"column":21},"end":{"line":19,"column":49}}}},"branchMap":{},"s":{"0":0,"1":0,"2":0,"3":0,"4":0},"f":{"0":0},"b":{}}
}
